<?xml version="1.0" encoding="UTF-8"?>
<!-- Generated by org.testng.reporters.JUnitReportReporter -->
<testsuite hostname="DESKTOP-7U3NRAG" failures="0" tests="1" name="tests.HomePageTest" time="20.606" errors="0" timestamp="2022-09-16T23:08:04 NPT" skipped="0">
  <testcase classname="tests.HomePageTest" name="checkAdminModuleOpenedTestCase" time="20.606"/>
  <system-out/>
</testsuite> <!-- tests.HomePageTest -->
